<?xml version="1.0" encoding="UTF-8"?>
<!-- Generated by org.testng.reporters.JUnitXMLReporter -->
<testsuite ignored="0" hostname="LAPTOP-N716SJOQ" failures="0" tests="7" name="Default test" time="8.431" errors="0" timestamp="2021-07-07T06:50:14 IST">
  <testcase classname="Practice.navigation" name="radioButton" time="0.25"/>
  <testcase classname="Practice.navigation" name="suggesetionClass" time="0.128"/>
  <testcase classname="Practice.navigation" name="dropDown" time="0.345"/>
  <testcase classname="Practice.navigation" name="checkBox" time="0.073"/>
  <testcase classname="Practice.navigation" name="switchWindow" time="0.313"/>
  <testcase classname="Practice.navigation" name="alertWindow" time="0.246"/>
  <testcase classname="Practice.navigation" name="Table" time="0.216"/>
</testsuite> <!-- Default test -->
