<?xml version="1.0" encoding="UTF-8"?>
<!-- Generated by org.testng.reporters.JUnitXMLReporter -->
<testsuite ignored="0" hostname="LAPTOP-N716SJOQ" failures="0" tests="7" name="Test" time="8.273" errors="0" timestamp="2021-02-28T05:25:50 IST">
  <testcase classname="Practice.navigation" name="radioButton" time="0.215"/>
  <testcase classname="Practice.navigation" name="suggesetionClass" time="0.124"/>
  <testcase classname="Practice.navigation" name="dropDown" time="0.334"/>
  <testcase classname="Practice.navigation" name="checkBox" time="0.106"/>
  <testcase classname="Practice.navigation" name="switchWindow" time="0.301"/>
  <testcase classname="Practice.navigation" name="alertWindow" time="0.269"/>
  <testcase classname="Practice.navigation" name="Table" time="0.223"/>
</testsuite> <!-- Test -->
