<?xml version="1.0" encoding="UTF-8"?>
<testng-results ignored="0" total="7" passed="7" failed="0" skipped="0">
  <reporter-output>
  </reporter-output>
  <suite started-at="2021-07-07T06:50:06 IST" name="Default suite" finished-at="2021-07-07T06:50:14 IST" duration-ms="8431">
    <groups>
    </groups>
    <test started-at="2021-07-07T06:50:06 IST" name="Default test" finished-at="2021-07-07T06:50:14 IST" duration-ms="8431">
      <class name="Practice.navigation">
        <test-method is-config="true" signature="initialize()[pri:0, instance:Practice.navigation@4a668b6e]" started-at="2021-07-07T06:50:06 IST" name="initialize" finished-at="2021-07-07T06:50:12 IST" duration-ms="6772" status="PASS">
          <reporter-output>
          </reporter-output>
        </test-method> <!-- initialize -->
        <test-method signature="radioButton()[pri:1, instance:Practice.navigation@4a668b6e]" started-at="2021-07-07T06:50:12 IST" name="radioButton" finished-at="2021-07-07T06:50:13 IST" duration-ms="250" status="PASS">
          <reporter-output>
          </reporter-output>
        </test-method> <!-- radioButton -->
        <test-method signature="suggesetionClass()[pri:2, instance:Practice.navigation@4a668b6e]" started-at="2021-07-07T06:50:13 IST" name="suggesetionClass" finished-at="2021-07-07T06:50:13 IST" duration-ms="128" status="PASS">
          <reporter-output>
          </reporter-output>
        </test-method> <!-- suggesetionClass -->
        <test-method signature="dropDown()[pri:3, instance:Practice.navigation@4a668b6e]" started-at="2021-07-07T06:50:13 IST" name="dropDown" finished-at="2021-07-07T06:50:13 IST" duration-ms="345" status="PASS">
          <reporter-output>
          </reporter-output>
        </test-method> <!-- dropDown -->
        <test-method signature="checkBox()[pri:4, instance:Practice.navigation@4a668b6e]" started-at="2021-07-07T06:50:13 IST" name="checkBox" finished-at="2021-07-07T06:50:13 IST" duration-ms="73" status="PASS">
          <reporter-output>
          </reporter-output>
        </test-method> <!-- checkBox -->
        <test-method signature="switchWindow()[pri:5, instance:Practice.navigation@4a668b6e]" started-at="2021-07-07T06:50:13 IST" name="switchWindow" finished-at="2021-07-07T06:50:14 IST" duration-ms="313" status="PASS">
          <reporter-output>
          </reporter-output>
        </test-method> <!-- switchWindow -->
        <test-method signature="alertWindow()[pri:6, instance:Practice.navigation@4a668b6e]" started-at="2021-07-07T06:50:14 IST" name="alertWindow" finished-at="2021-07-07T06:50:14 IST" duration-ms="246" status="PASS">
          <reporter-output>
          </reporter-output>
        </test-method> <!-- alertWindow -->
        <test-method signature="Table()[pri:7, instance:Practice.navigation@4a668b6e]" started-at="2021-07-07T06:50:14 IST" name="Table" finished-at="2021-07-07T06:50:14 IST" duration-ms="216" status="PASS">
          <reporter-output>
          </reporter-output>
        </test-method> <!-- Table -->
      </class> <!-- Practice.navigation -->
    </test> <!-- Default test -->
  </suite> <!-- Default suite -->
</testng-results>
